<?xml version="1.0" encoding="UTF-8"?>
<!-- Generated by org.testng.reporters.JUnitXMLReporter -->
<testsuite ignored="4" hostname="DESKTOP-P6508QM" failures="0" tests="0" time="0.013" errors="0" timestamp="2022-08-18T12:04:53 IST">
  <testcase classname="com.TestNGimplement.wizGrade.Subject" name="SubjectTest" time="0.0">
    <ignored/>
  </testcase> <!-- SubjectTest -->
  <testcase classname="com.wizGrade.GenericFiles.BaseClass" name="@BeforeSuite configBS" time="0.0">
    <ignored/>
  </testcase> <!-- @BeforeSuite configBS -->
  <testcase classname="com.TestNGimplement.wizGrade.searchStudnet" name="Searchstudent" time="0.0">
    <ignored/>
  </testcase> <!-- Searchstudent -->
  <testcase classname="com.wizGrade.GenericFiles.BaseClass" name="@AfterSuite configAS" time="0.0">
    <ignored/>
  </testcase> <!-- @AfterSuite configAS -->
</testsuite>
