<?xml version="1.0" encoding="UTF-8"?>
<!-- Generated by org.testng.reporters.JUnitXMLReporter -->
<testsuite ignored="2" hostname="DESKTOP-P6508QM" failures="1" tests="2" name="Test" time="60.314" errors="0" timestamp="2022-08-18T12:08:05 IST">
  <testcase classname="com.wizGrade.GenericFiles.BaseClass" name="@AfterMethod configAM" time="0.056">
    <failure type="java.lang.NullPointerException">
      <![CDATA[java.lang.NullPointerException
at java.base/java.util.Objects.requireNonNull(Objects.java:208)
at org.openqa.selenium.interactions.Actions.<init>(Actions.java:65)
at com.wizGrade.ObjectReository.HomePage.SignOut(HomePage.java:66)
at com.wizGrade.GenericFiles.BaseClass.configAM(BaseClass.java:65)
at java.base/java.util.ArrayList.forEach(ArrayList.java:1511)
... Removed 32 stack frames]]>
    </failure>
  </testcase> <!-- @AfterMethod configAM -->
  <testcase classname="com.wizGrade.GenericFiles.BaseClass" name="@AfterClass configAc" time="-1.660804659915E9">
    <skipped/>
  </testcase> <!-- @AfterClass configAc -->
  <testcase classname="com.wizGrade.GenericFiles.BaseClass" name="@AfterMethod configAM" time="0.002">
    <failure type="java.lang.NullPointerException">
      <![CDATA[java.lang.NullPointerException
at java.base/java.util.Objects.requireNonNull(Objects.java:208)
at org.openqa.selenium.interactions.Actions.<init>(Actions.java:65)
at com.wizGrade.ObjectReository.HomePage.SignOut(HomePage.java:66)
at com.wizGrade.GenericFiles.BaseClass.configAM(BaseClass.java:65)
at java.base/java.util.ArrayList.forEach(ArrayList.java:1511)
... Removed 32 stack frames]]>
    </failure>
  </testcase> <!-- @AfterMethod configAM -->
  <testcase classname="com.wizGrade.GenericFiles.BaseClass" name="@AfterClass configAc" time="-1.660804685091E9">
    <skipped/>
  </testcase> <!-- @AfterClass configAc -->
  <testcase classname="com.TestNGimplement.wizGrade.searchStudnet" name="Searchstudent" time="5.685"/>
  <testcase classname="com.TestNGimplement.wizGrade.Subject" name="SubjectTest" time="2.485">
    <failure type="java.lang.AssertionError" message="expected [Subject 8215] but found [All Subject]">
      <![CDATA[java.lang.AssertionError: expected [Subject 8215] but found [All Subject]
at com.TestNGimplement.wizGrade.Subject.SubjectTest(Subject.java:35)
at java.base/java.util.ArrayList.forEach(ArrayList.java:1511)
... Removed 33 stack frames]]>
    </failure>
  </testcase> <!-- SubjectTest -->
  <testcase classname="com.wizGrade.GenericFiles.BaseClass" name="@BeforeSuite configBS" time="0.0">
    <ignored/>
  </testcase> <!-- @BeforeSuite configBS -->
  <testcase classname="com.wizGrade.GenericFiles.BaseClass" name="@AfterSuite configAS" time="0.0">
    <ignored/>
  </testcase> <!-- @AfterSuite configAS -->
</testsuite> <!-- Test -->
